-------------------------------------------------------------------------------
Test set: com.oleszeksylwester.dmssb.DMSSB.DmssbApplicationTests
-------------------------------------------------------------------------------
Tests run: 1, Failures: 0, Errors: 1, Skipped: 0, Time elapsed: 0.095 s <<< FAILURE! - in com.oleszeksylwester.dmssb.DMSSB.DmssbApplicationTests
initializationError(com.oleszeksylwester.dmssb.DMSSB.DmssbApplicationTests)  Time elapsed: 0.003 s  <<< ERROR!
java.lang.Exception: No runnable methods

