-------------------------------------------------------------------------------
Test set: com.oleszeksylwester.dmssb.DMSSB.UserRepositoryTest
-------------------------------------------------------------------------------
Tests run: 1, Failures: 0, Errors: 1, Skipped: 0, Time elapsed: 0.001 s <<< FAILURE! - in com.oleszeksylwester.dmssb.DMSSB.UserRepositoryTest
initializationError(com.oleszeksylwester.dmssb.DMSSB.UserRepositoryTest)  Time elapsed: 0 s  <<< ERROR!
java.lang.Exception: No runnable methods

